<?xml version="1.0" encoding="UTF-8"?>
<testsuite xmlns:xsi="http://www.w3.org/2001/XMLSchema-instance" xsi:noNamespaceSchemaLocation="https://maven.apache.org/surefire/maven-surefire-plugin/xsd/surefire-test-report-3.0.xsd" version="3.0" name="com.care.boot.BootApplicationTests" time="18.692" tests="1" errors="0" skipped="0" failures="0">
  <properties>
[...]
</properties>
  <testcase name="contextLoads" classname="com.care.boot.BootApplicationTests" time="3.14">
    <system-out><![CDATA[16:17:11.817 [main] INFO org.springframework.test.context.support.AnnotationConfigContextLoaderUtils -- Could not detect default configuration classes for test class [com.care.boot.BootApplicationTests]: BootApplicationTests does not declare any static, non-private, non-final, nested classes annotated with @Configuration.
16:17:12.079 [main] INFO org.springframework.boot.test.context.SpringBootTestContextBootstrapper -- Found @SpringBootConfiguration com.care.boot.BootApplication for test class com.care.boot.BootApplicationTests

  .   ____          _            __ _ _
 /\\ / ___'_ __ _ _(_)_ __  __ _ \ \ \ \
( ( )\___ | '_ | '_| | '_ \/ _` | \ \ \ \
 \\/  ___)| |_)| | | | | || (_| |  ) ) ) )
  '  |____| .__|_| |_|_| |_\__, | / / / /
 =========|_|==============|___/=/_/_/_/
 :: Spring Boot ::                (v3.2.6)

2024-08-24T16:17:14.035+09:00  INFO 13164 --- [boot] [           main] com.care.boot.BootApplicationTests       : Starting BootApplicationTests using Java 17.0.11 with PID 13164 (started by 0088s in C:\Users\0088s\Documents\workspace-spring-tool-suite-4-4.22.1.RELEASE\boot)
2024-08-24T16:17:14.038+09:00  INFO 13164 --- [boot] [           main] com.care.boot.BootApplicationTests       : No active profile set, falling back to 1 default profile: "default"
2024-08-24T16:17:18.627+09:00  INFO 13164 --- [boot] [           main] .s.d.r.c.RepositoryConfigurationDelegate : Multiple Spring Data modules found, entering strict repository configuration mode
2024-08-24T16:17:18.685+09:00  INFO 13164 --- [boot] [           main] .s.d.r.c.RepositoryConfigurationDelegate : Bootstrapping Spring Data Redis repositories in DEFAULT mode.
2024-08-24T16:17:18.871+09:00  INFO 13164 --- [boot] [           main] .s.d.r.c.RepositoryConfigurationDelegate : Finished Spring Data repository scanning in 17 ms. Found 0 Redis repository interfaces.
2024-08-24T16:17:24.623+09:00  INFO 13164 --- [boot] [           main] o.s.b.a.w.s.WelcomePageHandlerMapping    : Adding welcome page template: index
2024-08-24T16:17:26.871+09:00  INFO 13164 --- [boot] [           main] com.care.boot.BootApplicationTests       : Started BootApplicationTests in 14.128 seconds (process running for 17.445)
]]></system-out>
  </testcase>
</testsuite>